Performing system checks...

System check identified no issues (0 silenced).
May 27, 2018 - 06:16:25
Django version 1.11.8, using settings 'minipet.settings'
Starting development server at http://0.0.0.0:8000/
Quit the server with CONTROL-C.
Error: That port is already in use.
[27/May/2018 06:21:34] "GET /1 HTTP/1.1" 301 0
[27/May/2018 06:21:34] "GET /1/ HTTP/1.1" 200 1
Not Found: /favicon.ico
[27/May/2018 06:21:34] "GET /favicon.ico HTTP/1.1" 404 2375
Not Found: /favicon.ico
[27/May/2018 06:21:34] "GET /favicon.ico HTTP/1.1" 404 2375
[27/May/2018 06:21:41] "GET /1/ HTTP/1.1" 200 1
[27/May/2018 06:21:42] "GET /1/ HTTP/1.1" 200 1
[27/May/2018 06:21:51] "GET /1/ HTTP/1.1" 200 1
[27/May/2018 06:24:44] "GET /1/ HTTP/1.1" 200 1
[27/May/2018 06:25:27] "GET /1/ HTTP/1.1" 200 1
Performing system checks...

System check identified no issues (0 silenced).
May 27, 2018 - 06:26:46
Django version 1.11.8, using settings 'minipet.settings'
Starting development server at http://0.0.0.0:8000/
Quit the server with CONTROL-C.
